<?xml version="1.0" encoding="UTF-8"?>
<testng-results ignored="0" total="2" passed="2" failed="0" skipped="0">
  <reporter-output>
  </reporter-output>
  <suite started-at="2020-04-04T17:03:40 IST" name="Default suite" finished-at="2020-04-04T17:04:30 IST" duration-ms="50170">
    <groups>
    </groups>
    <test started-at="2020-04-04T17:03:40 IST" name="Default test" finished-at="2020-04-04T17:04:30 IST" duration-ms="50170">
      <class name="tests.companies.CreatCompanies">
        <test-method is-config="true" signature="beforeSuite()[pri:0, instance:tests.companies.CreatCompanies@6193932a]" started-at="2020-04-04T17:03:40 IST" name="beforeSuite" finished-at="2020-04-04T17:03:40 IST" duration-ms="24" status="PASS">
          <reporter-output>
          </reporter-output>
        </test-method> <!-- beforeSuite -->
        <test-method is-config="true" signature="beforeTest(org.testng.ITestContext)[pri:0, instance:tests.companies.CreatCompanies@6193932a]" started-at="2020-04-04T17:03:40 IST" name="beforeTest" finished-at="2020-04-04T17:03:41 IST" duration-ms="336" status="PASS">
          <params>
            <param index="0">
              <value>
                <![CDATA[org.testng.TestRunner@12d1f1d4]]>
              </value>
            </param>
          </params>
          <reporter-output>
          </reporter-output>
        </test-method> <!-- beforeTest -->
        <test-method is-config="true" signature="beforeMethod(java.lang.reflect.Method)[pri:0, instance:tests.companies.CreatCompanies@6193932a]" started-at="2020-04-04T17:03:41 IST" name="beforeMethod" finished-at="2020-04-04T17:03:41 IST" duration-ms="4" status="PASS">
          <params>
            <param index="0">
              <value>
                <![CDATA[public void tests.companies.CreatCompanies.test2()]]>
              </value>
            </param>
          </params>
          <reporter-output>
          </reporter-output>
        </test-method> <!-- beforeMethod -->
        <test-method signature="test2()[pri:0, instance:tests.companies.CreatCompanies@6193932a]" started-at="2020-04-04T17:03:41 IST" name="test2" finished-at="2020-04-04T17:03:41 IST" duration-ms="16" status="PASS">
          <reporter-output>
          </reporter-output>
        </test-method> <!-- test2 -->
        <test-method is-config="true" signature="beforeMethod(java.lang.reflect.Method)[pri:0, instance:tests.companies.CreatCompanies@6193932a]" started-at="2020-04-04T17:03:41 IST" name="beforeMethod" finished-at="2020-04-04T17:03:41 IST" duration-ms="1" status="PASS">
          <params>
            <param index="0">
              <value>
                <![CDATA[public void tests.companies.CreatCompanies.testmethod(java.lang.String) throws java.lang.InterruptedException,java.io.IOException]]>
              </value>
            </param>
          </params>
          <reporter-output>
          </reporter-output>
        </test-method> <!-- beforeMethod -->
        <test-method signature="testmethod(java.lang.String)[pri:0, instance:tests.companies.CreatCompanies@6193932a]" started-at="2020-04-04T17:03:41 IST" name="testmethod" finished-at="2020-04-04T17:04:29 IST" duration-ms="48771" status="PASS">
          <params>
            <param index="0">
              <value is-null="true"/>
            </param>
          </params>
          <reporter-output>
          </reporter-output>
        </test-method> <!-- testmethod -->
        <test-method is-config="true" signature="aftertest()[pri:0, instance:tests.companies.CreatCompanies@6193932a]" started-at="2020-04-04T17:04:29 IST" name="aftertest" finished-at="2020-04-04T17:04:30 IST" duration-ms="982" status="PASS">
          <reporter-output>
          </reporter-output>
        </test-method> <!-- aftertest -->
      </class> <!-- tests.companies.CreatCompanies -->
    </test> <!-- Default test -->
  </suite> <!-- Default suite -->
</testng-results>
